14:49:19.667 [main] INFO  SelniumPractice.WebAutomation.csvUtils - Environment file loaded
14:50:45.281 [main] INFO  SelniumPractice.WebAutomation.csvUtils - Value loaded from the environment file
14:50:45.283 [main] INFO  SelniumPractice.WebAutomation.csvUtils - Value loaded from the environment file
14:50:45.284 [main] INFO  SelniumPractice.WebAutomation.csvUtils - Value loaded from the environment file
14:50:45.285 [main] INFO  SelniumPractice.WebAutomation.csvUtils - Config File Loaded
14:50:45.285 [main] INFO  SelniumPractice.WebAutomation.csvUtils - Environment file loaded
14:53:14.320 [main] INFO  SelniumPractice.WebAutomation.csvUtils - Value loaded from the environment file
14:53:14.344 [main] INFO  SelniumPractice.WebAutomation.csvUtils - Value loaded from the environment file
14:53:14.344 [main] INFO  SelniumPractice.WebAutomation.ExcelcsvComp - Comparison between null.xlsx & null.xlsx has been iniated.
14:53:14.345 [main] INFO  SelniumPractice.WebAutomation.csvUtils - Value loaded from the environment file
14:53:14.345 [main] INFO  SelniumPractice.WebAutomation.csvUtils - Value loaded from the environment file
14:53:14.346 [main] INFO  SelniumPractice.WebAutomation.csvUtils - Value loaded from the environment file
14:53:14.353 [main] INFO  SelniumPractice.WebAutomation.csvUtils - Config File Loaded
14:53:14.353 [main] INFO  SelniumPractice.WebAutomation.csvUtils - Environment file loaded
14:54:27.043 [main] INFO  SelniumPractice.WebAutomation.csvUtils - Value loaded from the environment file
14:54:27.057 [main] INFO  SelniumPractice.WebAutomation.csvUtils - Value loaded from the environment file
14:54:27.058 [main] INFO  SelniumPractice.WebAutomation.ExcelcsvComp - Comparison between null.xlsx & null.xlsx has been iniated.
14:54:27.058 [main] INFO  SelniumPractice.WebAutomation.csvUtils - Value loaded from the environment file
14:54:27.058 [main] INFO  SelniumPractice.WebAutomation.csvUtils - Value loaded from the environment file
14:54:27.059 [main] INFO  SelniumPractice.WebAutomation.csvUtils - Value loaded from the environment file
14:54:27.066 [main] INFO  SelniumPractice.WebAutomation.csvUtils - Config File Loaded
14:54:27.066 [main] INFO  SelniumPractice.WebAutomation.csvUtils - Environment file loaded
14:57:44.108 [main] INFO  SelniumPractice.WebAutomation.ExcelcsvComp - Comparison between the files has been iniated
14:57:44.130 [main] INFO  SelniumPractice.WebAutomation.csvUtils - Value loaded from the environment file
14:57:44.131 [main] INFO  SelniumPractice.WebAutomation.csvUtils - Value loaded from the environment file
14:57:44.132 [main] INFO  SelniumPractice.WebAutomation.csvUtils - Value loaded from the environment file
14:57:44.132 [main] INFO  SelniumPractice.WebAutomation.csvUtils - Config File Loaded
14:57:44.133 [main] INFO  SelniumPractice.WebAutomation.csvUtils - Environment file loaded
15:00:48.199 [main] INFO  SelniumPractice.WebAutomation.ExcelcsvComp - Comparison between the files has been iniated
15:00:48.214 [main] INFO  SelniumPractice.WebAutomation.csvUtils - Value loaded from the environment file
15:00:48.215 [main] INFO  SelniumPractice.WebAutomation.csvUtils - Value loaded from the environment file
15:00:48.216 [main] INFO  SelniumPractice.WebAutomation.csvUtils - Value loaded from the environment file
15:00:48.216 [main] INFO  SelniumPractice.WebAutomation.csvUtils - Config File Loaded
15:00:48.217 [main] INFO  SelniumPractice.WebAutomation.csvUtils - Environment file loaded
15:02:40.013 [main] INFO  SelniumPractice.WebAutomation.ExcelcsvComp - Comparison between the files has been iniated
15:02:40.034 [main] INFO  SelniumPractice.WebAutomation.csvUtils - Value loaded from the environment file
15:02:40.035 [main] INFO  SelniumPractice.WebAutomation.csvUtils - Value loaded from the environment file
15:02:40.035 [main] INFO  SelniumPractice.WebAutomation.csvUtils - Value loaded from the environment file
15:02:40.036 [main] INFO  SelniumPractice.WebAutomation.csvUtils - Config File Loaded
15:02:40.037 [main] INFO  SelniumPractice.WebAutomation.csvUtils - Environment file loaded
15:10:11.124 [main] INFO  SelniumPractice.WebAutomation.ExcelcsvComp - Comparison between the files has been iniated
15:10:11.145 [main] INFO  SelniumPractice.WebAutomation.csvUtils - Value loaded from the environment file
15:10:11.146 [main] INFO  SelniumPractice.WebAutomation.csvUtils - Value loaded from the environment file
15:10:11.147 [main] INFO  SelniumPractice.WebAutomation.csvUtils - Value loaded from the environment file
15:10:11.147 [main] INFO  SelniumPractice.WebAutomation.csvUtils - Config File Loaded
15:10:11.148 [main] INFO  SelniumPractice.WebAutomation.csvUtils - Environment file loaded
15:11:49.513 [main] INFO  SelniumPractice.WebAutomation.ExcelcsvComp - Comparison between the files has been iniated
15:11:49.528 [main] INFO  SelniumPractice.WebAutomation.csvUtils - Value loaded from the environment file
15:11:49.528 [main] INFO  SelniumPractice.WebAutomation.csvUtils - Value loaded from the environment file
15:11:49.529 [main] INFO  SelniumPractice.WebAutomation.csvUtils - Value loaded from the environment file
15:11:49.530 [main] INFO  SelniumPractice.WebAutomation.csvUtils - Config File Loaded
15:11:49.530 [main] INFO  SelniumPractice.WebAutomation.csvUtils - Environment file loaded
15:29:35.089 [main] INFO  SelniumPractice.WebAutomation.ExcelcsvComp - Comparison between the files has been iniated
15:29:35.111 [main] INFO  SelniumPractice.WebAutomation.csvUtils - Value loaded from the environment file
15:29:35.112 [main] INFO  SelniumPractice.WebAutomation.csvUtils - Value loaded from the environment file
15:29:35.112 [main] INFO  SelniumPractice.WebAutomation.csvUtils - Value loaded from the environment file
15:29:35.113 [main] INFO  SelniumPractice.WebAutomation.csvUtils - Config File Loaded
15:29:35.114 [main] INFO  SelniumPractice.WebAutomation.csvUtils - Environment file loaded
11:03:16.639 [main] INFO  SelniumPractice.WebAutomation.ExcelcsvComp - Comparison between the files has been iniated
13:27:49.692 [main] INFO  SelniumPractice.WebAutomation.ExcelcsvComp - Comparison between the files has been iniated
13:31:19.126 [main] INFO  SelniumPractice.WebAutomation.ExcelcsvComp - Comparison between the files has been iniated
13:34:01.491 [main] INFO  SelniumPractice.WebAutomation.ExcelcsvComp - Comparison between the files has been iniated
13:34:01.508 [main] ERROR SelniumPractice.WebAutomation.csvUtils - Environment file is not loadedjava.io.FileNotFoundException: E:\ExcelComparator-main\ExcelComparator-mainsrc\test\java\ExcelComparator\Resources\env.properties (The system cannot find the path specified)
13:34:01.508 [main] ERROR SelniumPractice.WebAutomation.csvUtils - Environment file is not loadedjava.io.FileNotFoundException: E:\ExcelComparator-main\ExcelComparator-mainsrc\test\java\ExcelComparator\Resources\env.properties (The system cannot find the path specified)
13:34:01.508 [main] ERROR SelniumPractice.WebAutomation.csvUtils - Environment file is not loadedjava.io.FileNotFoundException: E:\ExcelComparator-main\ExcelComparator-mainsrc\test\java\ExcelComparator\Resources\env.properties (The system cannot find the path specified)
13:36:36.796 [main] INFO  SelniumPractice.WebAutomation.ExcelcsvComp - Comparison between the files has been iniated
13:36:36.816 [main] ERROR SelniumPractice.WebAutomation.csvUtils - Environment file is not loadedjava.io.FileNotFoundException: E:\ExcelComparator-main\ExcelComparator-mainsrc\test\java\ExcelComparator\Resources\env.properties (The system cannot find the path specified)
13:36:36.816 [main] ERROR SelniumPractice.WebAutomation.csvUtils - Environment file is not loadedjava.io.FileNotFoundException: E:\ExcelComparator-main\ExcelComparator-mainsrc\test\java\ExcelComparator\Resources\env.properties (The system cannot find the path specified)
13:36:36.816 [main] ERROR SelniumPractice.WebAutomation.csvUtils - Environment file is not loadedjava.io.FileNotFoundException: E:\ExcelComparator-main\ExcelComparator-mainsrc\test\java\ExcelComparator\Resources\env.properties (The system cannot find the path specified)
13:37:41.751 [main] INFO  SelniumPractice.WebAutomation.ExcelcsvComp - Comparison between the files has been iniated
13:37:41.777 [main] ERROR SelniumPractice.WebAutomation.csvUtils - Environment file is not loadedjava.io.FileNotFoundException: E:\ExcelComparator-main\ExcelComparator-mainsrc\test\java\ExcelComparator\Resources\env.properties (The system cannot find the path specified)
13:37:41.777 [main] ERROR SelniumPractice.WebAutomation.csvUtils - Environment file is not loadedjava.io.FileNotFoundException: E:\ExcelComparator-main\ExcelComparator-mainsrc\test\java\ExcelComparator\Resources\env.properties (The system cannot find the path specified)
13:37:41.777 [main] ERROR SelniumPractice.WebAutomation.csvUtils - Environment file is not loadedjava.io.FileNotFoundException: E:\ExcelComparator-main\ExcelComparator-mainsrc\test\java\ExcelComparator\Resources\env.properties (The system cannot find the path specified)
13:38:11.050 [main] INFO  SelniumPractice.WebAutomation.ExcelcsvComp - Comparison between the files has been iniated
13:38:11.074 [main] ERROR SelniumPractice.WebAutomation.csvUtils - Environment file is not loadedjava.io.FileNotFoundException: E:\ExcelComparator-main\ExcelComparator-mainsrc\test\java\ExcelComparator\Resources\env.properties (The system cannot find the path specified)
13:38:11.075 [main] ERROR SelniumPractice.WebAutomation.csvUtils - Environment file is not loadedjava.io.FileNotFoundException: E:\ExcelComparator-main\ExcelComparator-mainsrc\test\java\ExcelComparator\Resources\env.properties (The system cannot find the path specified)
13:38:11.076 [main] ERROR SelniumPractice.WebAutomation.csvUtils - Environment file is not loadedjava.io.FileNotFoundException: E:\ExcelComparator-main\ExcelComparator-mainsrc\test\java\ExcelComparator\Resources\env.properties (The system cannot find the path specified)
13:50:31.297 [main] INFO  SelniumPractice.WebAutomation.ExcelcsvComp - Comparison between the files has been iniated
13:52:28.463 [main] INFO  SelniumPractice.WebAutomation.ExcelcsvComp - Comparison between the files has been iniated
13:53:40.736 [main] INFO  SelniumPractice.WebAutomation.ExcelcsvComp - Comparison between the files has been iniated
13:58:23.929 [main] INFO  SelniumPractice.WebAutomation.ExcelcsvComp - Comparison between the files has been iniated
13:58:59.781 [main] INFO  SelniumPractice.WebAutomation.ExcelcsvComp - Comparison between the files has been iniated
14:00:52.832 [main] INFO  SelniumPractice.WebAutomation.ExcelcsvComp - Comparison between the files has been iniated
14:02:17.243 [main] INFO  SelniumPractice.WebAutomation.ExcelcsvComp - Comparison between the files has been iniated
14:04:33.120 [main] INFO  SelniumPractice.WebAutomation.ExcelcsvComp - Comparison between the files has been iniated
14:07:27.668 [main] INFO  SelniumPractice.WebAutomation.ExcelcsvComp - Comparison between the files has been iniated
14:12:08.531 [main] INFO  SelniumPractice.WebAutomation.ExcelcsvComp - Comparison between the files has been iniated
14:16:29.949 [main] INFO  SelniumPractice.WebAutomation.ExcelcsvComp - Comparison between the files has been iniated
14:23:38.610 [main] INFO  SelniumPractice.WebAutomation.ExcelcsvComp - Comparison between the files has been iniated
14:34:54.507 [main] INFO  SelniumPractice.WebAutomation.ExcelcsvComp - Comparison between the files has been iniated
14:40:34.114 [main] INFO  SelniumPractice.WebAutomation.ExcelcsvComp - Comparison between the files has been iniated
14:45:20.432 [main] INFO  SelniumPractice.WebAutomation.ExcelcsvComp - Comparison between the files has been iniated
14:57:14.110 [main] INFO  SelniumPractice.WebAutomation.ExcelcsvComp - Comparison between the files has been iniated
15:01:27.957 [main] INFO  SelniumPractice.WebAutomation.ExcelcsvComp - Comparison between the files has been iniated
15:07:02.946 [main] INFO  SelniumPractice.WebAutomation.ExcelcsvComp - Comparison between the files has been iniated
15:08:10.607 [main] INFO  SelniumPractice.WebAutomation.ExcelcsvComp - Comparison between the files has been iniated
15:13:24.088 [main] INFO  SelniumPractice.WebAutomation.ExcelcsvComp - Comparison between the files has been iniated
15:13:59.385 [main] INFO  SelniumPractice.WebAutomation.ExcelcsvComp - Comparison between the files has been iniated
15:14:51.343 [main] INFO  SelniumPractice.WebAutomation.ExcelcsvComp - Comparison between the files has been iniated
15:17:09.943 [main] INFO  SelniumPractice.WebAutomation.ExcelcsvComp - Comparison between the files has been iniated
15:19:06.604 [main] INFO  SelniumPractice.WebAutomation.ExcelcsvComp - Comparison between the files has been iniated
15:19:07.934 [main] INFO  SelniumPractice.WebAutomation.ExcelcsvComp - Comparison has been completed
15:23:39.460 [main] INFO  SelniumPractice.WebAutomation.ExcelcsvComp - Comparison between the files has been iniated
15:23:40.700 [main] INFO  SelniumPractice.WebAutomation.ExcelcsvComp - Comparison has been completed
15:29:13.276 [main] INFO  ExcelComparator.Runner.ExcelcsvComp - Comparison between the files has been iniated
15:29:14.488 [main] INFO  ExcelComparator.Runner.ExcelcsvComp - Comparison has been completed
15:32:10.312 [main] INFO  ExcelComparator.Runner.ExcelcsvComp - Comparison between the files has been iniated
15:32:11.572 [main] INFO  ExcelComparator.Runner.ExcelcsvComp - Comparison has been completed
15:52:01.884 [main] INFO  ExcelComparator.Runner.ExcelcsvComp - Comparison between the files has been iniated
15:52:03.131 [main] INFO  ExcelComparator.Runner.ExcelcsvComp - Comparison has been completed
